<testsuites>
  <errors>0</errors>
  <failures>0</failures>
  <tests>32</tests>
  <testsuite>
    <name>destination_epg</name>
    <tests>13</tests>
    <skipped>0</skipped>
    <errors>0</errors>
    <failures>0</failures>
    <testcase>
      <name>descr</name>
      <classname>spanDestGrp</classname>
    </testcase>
    <testcase>
      <name>name</name>
      <classname>spanDestGrp</classname>
    </testcase>
    <testcase>
      <name>descr</name>
      <classname>spanDest</classname>
    </testcase>
    <testcase>
      <name>name</name>
      <classname>spanDest</classname>
    </testcase>
    <testcase>
      <name>dscp</name>
      <classname>spanRsDestEpg</classname>
    </testcase>
    <testcase>
      <name>flowId</name>
      <classname>spanRsDestEpg</classname>
    </testcase>
    <testcase>
      <name>ip</name>
      <classname>spanRsDestEpg</classname>
    </testcase>
    <testcase>
      <name>mtu</name>
      <classname>spanRsDestEpg</classname>
    </testcase>
    <testcase>
      <name>srcIpPrefix</name>
      <classname>spanRsDestEpg</classname>
    </testcase>
    <testcase>
      <name>tDn</name>
      <classname>spanRsDestEpg</classname>
    </testcase>
    <testcase>
      <name>ttl</name>
      <classname>spanRsDestEpg</classname>
    </testcase>
    <testcase>
      <name>ver</name>
      <classname>spanRsDestEpg</classname>
    </testcase>
    <testcase>
      <name>verEnforced</name>
      <classname>spanRsDestEpg</classname>
    </testcase>
  </testsuite>
  <testsuite>
    <name>destination_path_channel</name>
    <tests>5</tests>
    <skipped>0</skipped>
    <errors>0</errors>
    <failures>0</failures>
    <testcase>
      <name>descr</name>
      <classname>spanDestGrp</classname>
    </testcase>
    <testcase>
      <name>name</name>
      <classname>spanDestGrp</classname>
    </testcase>
    <testcase>
      <name>descr</name>
      <classname>spanDest</classname>
    </testcase>
    <testcase>
      <name>name</name>
      <classname>spanDest</classname>
    </testcase>
    <testcase>
      <name>tDn</name>
      <classname>spanRsDestPathEp</classname>
    </testcase>
  </testsuite>
  <testsuite>
    <name>destination_path_port</name>
    <tests>5</tests>
    <skipped>0</skipped>
    <errors>0</errors>
    <failures>0</failures>
    <testcase>
      <name>descr</name>
      <classname>spanDestGrp</classname>
    </testcase>
    <testcase>
      <name>name</name>
      <classname>spanDestGrp</classname>
    </testcase>
    <testcase>
      <name>descr</name>
      <classname>spanDest</classname>
    </testcase>
    <testcase>
      <name>name</name>
      <classname>spanDest</classname>
    </testcase>
    <testcase>
      <name>tDn</name>
      <classname>spanRsDestPathEp</classname>
    </testcase>
  </testsuite>
  <testsuite>
    <name>destination_path_subport</name>
    <tests>5</tests>
    <skipped>0</skipped>
    <errors>0</errors>
    <failures>0</failures>
    <testcase>
      <name>descr</name>
      <classname>spanDestGrp</classname>
    </testcase>
    <testcase>
      <name>name</name>
      <classname>spanDestGrp</classname>
    </testcase>
    <testcase>
      <name>descr</name>
      <classname>spanDest</classname>
    </testcase>
    <testcase>
      <name>name</name>
      <classname>spanDest</classname>
    </testcase>
    <testcase>
      <name>tDn</name>
      <classname>spanRsDestPathEp</classname>
    </testcase>
  </testsuite>
  <testsuite>
    <name>minimal</name>
    <tests>4</tests>
    <skipped>0</skipped>
    <errors>0</errors>
    <failures>0</failures>
    <testcase>
      <name>descr</name>
      <classname>spanDestGrp</classname>
    </testcase>
    <testcase>
      <name>name</name>
      <classname>spanDestGrp</classname>
    </testcase>
    <testcase>
      <name>descr</name>
      <classname>spanDest</classname>
    </testcase>
    <testcase>
      <name>name</name>
      <classname>spanDest</classname>
    </testcase>
  </testsuite>
</testsuites>